<?xml version="1.0" encoding="UTF-8"?>
<robot generator="Robot 6.0.1 (Python 3.11.0 on win32)" generated="20221211 16:07:36.583" rpa="false" schemaversion="3">
<suite id="s1" name="Demo" source="u:\code_projects\udemy\RFW\tests\demo.robot">
<test id="s1-t1" name="Test case 1" line="7">
<kw name="Do Something">
<kw name="Log" library="BuiltIn">
<arg>I am doing something...</arg>
<doc>Logs the given message with the given level.</doc>
<msg timestamp="20221211 16:07:36.601" level="INFO">I am doing something...</msg>
<status status="PASS" starttime="20221211 16:07:36.601" endtime="20221211 16:07:36.603"/>
</kw>
<status status="PASS" starttime="20221211 16:07:36.601" endtime="20221211 16:07:36.603"/>
</kw>
<kw name="Do Something Else">
<kw name="Log" library="BuiltIn">
<arg>I am doing something else...</arg>
<doc>Logs the given message with the given level.</doc>
<msg timestamp="20221211 16:07:36.604" level="INFO">I am doing something else...</msg>
<status status="PASS" starttime="20221211 16:07:36.604" endtime="20221211 16:07:36.604"/>
</kw>
<status status="PASS" starttime="20221211 16:07:36.603" endtime="20221211 16:07:36.605"/>
</kw>
<status status="PASS" starttime="20221211 16:07:36.601" endtime="20221211 16:07:36.605"/>
</test>
<test id="s1-t2" name="Test case 2" line="11">
<kw name="Do Another Thing">
<kw name="Log" library="BuiltIn">
<arg>I am doing another thing...</arg>
<doc>Logs the given message with the given level.</doc>
<msg timestamp="20221211 16:07:36.607" level="INFO">I am doing another thing...</msg>
<status status="PASS" starttime="20221211 16:07:36.607" endtime="20221211 16:07:36.607"/>
</kw>
<status status="PASS" starttime="20221211 16:07:36.606" endtime="20221211 16:07:36.607"/>
</kw>
<kw name="Do Something Else">
<kw name="Log" library="BuiltIn">
<arg>I am doing something else...</arg>
<doc>Logs the given message with the given level.</doc>
<msg timestamp="20221211 16:07:36.608" level="INFO">I am doing something else...</msg>
<status status="PASS" starttime="20221211 16:07:36.607" endtime="20221211 16:07:36.608"/>
</kw>
<status status="PASS" starttime="20221211 16:07:36.607" endtime="20221211 16:07:36.608"/>
</kw>
<status status="PASS" starttime="20221211 16:07:36.606" endtime="20221211 16:07:36.608"/>
</test>
<status status="PASS" starttime="20221211 16:07:36.586" endtime="20221211 16:07:36.609"/>
</suite>
<statistics>
<total>
<stat pass="2" fail="0" skip="0">All Tests</stat>
</total>
<tag>
</tag>
<suite>
<stat pass="2" fail="0" skip="0" id="s1" name="Demo">Demo</stat>
</suite>
</statistics>
<errors>
</errors>
</robot>
