<?xml version="1.0" encoding="UTF-8"?>
<robot generator="Robot 6.0.1 (Python 3.11.0 on win32)" generated="20221127 19:18:38.169" rpa="false" schemaversion="3">
<suite id="s1" name="Crm" source="u:\code_projects\udemy\RFW\Tests\Crm.robot">
<test id="s1-t1" name="Should be able to add new customer" line="15">
<kw name="Set Selenium Speed" library="SeleniumLibrary">
<arg>.2s</arg>
<doc>Sets the delay that is waited after each Selenium command.</doc>
<status status="PASS" starttime="20221127 19:18:38.289" endtime="20221127 19:18:38.289"/>
</kw>
<kw name="Set Selenium Timeout" library="SeleniumLibrary">
<arg>10s</arg>
<doc>Sets the timeout that is used by various keywords.</doc>
<status status="PASS" starttime="20221127 19:18:38.289" endtime="20221127 19:18:38.289"/>
</kw>
<kw name="Log" library="BuiltIn">
<arg>Starting the test case!</arg>
<doc>Logs the given message with the given level.</doc>
<msg timestamp="20221127 19:18:38.290" level="INFO">Starting the test case!</msg>
<status status="PASS" starttime="20221127 19:18:38.289" endtime="20221127 19:18:38.291"/>
</kw>
<kw name="Open Browser" library="SeleniumLibrary">
<arg>https://automationplayground.com/crm/</arg>
<arg>chrome</arg>
<doc>Opens a new browser instance to the optional ``url``.</doc>
<msg timestamp="20221127 19:18:38.292" level="INFO">Opening browser 'chrome' to base url 'https://automationplayground.com/crm/'.</msg>
<status status="PASS" starttime="20221127 19:18:38.292" endtime="20221127 19:18:41.486"/>
</kw>
<kw name="Set Window Position" library="SeleniumLibrary">
<arg>x=341</arg>
<arg>y=169</arg>
<doc>Sets window position using ``x`` and ``y`` coordinates.</doc>
<status status="PASS" starttime="20221127 19:18:41.487" endtime="20221127 19:18:41.799"/>
</kw>
<kw name="Set Window Size" library="SeleniumLibrary">
<arg>width=1935</arg>
<arg>height=1090</arg>
<doc>Sets current windows size to given ``width`` and ``height``.</doc>
<status status="PASS" starttime="20221127 19:18:41.799" endtime="20221127 19:18:42.122"/>
</kw>
<kw name="Page Should Contain" library="SeleniumLibrary">
<arg>Customers Are Priority One!</arg>
<doc>Verifies that current page contains ``text``.</doc>
<msg timestamp="20221127 19:18:42.539" level="INFO">Current page contains text 'Customers Are Priority One!'.</msg>
<status status="PASS" starttime="20221127 19:18:42.123" endtime="20221127 19:18:42.539"/>
</kw>
<kw name="Click Link" library="SeleniumLibrary">
<arg>name=sign-in-link</arg>
<doc>Clicks a link identified by ``locator``.</doc>
<msg timestamp="20221127 19:18:42.541" level="INFO">Clicking link 'name=sign-in-link'.</msg>
<status status="PASS" starttime="20221127 19:18:42.540" endtime="20221127 19:18:43.307"/>
</kw>
<kw name="Page Should Contain" library="SeleniumLibrary">
<arg>Login</arg>
<doc>Verifies that current page contains ``text``.</doc>
<msg timestamp="20221127 19:18:43.717" level="INFO">Current page contains text 'Login'.</msg>
<status status="PASS" starttime="20221127 19:18:43.307" endtime="20221127 19:18:43.717"/>
</kw>
<kw name="Input Text" library="SeleniumLibrary">
<arg>id=email-id</arg>
<arg>admin@robotframeworktutorial.com</arg>
<doc>Types the given ``text`` into the text field identified by ``locator``.</doc>
<msg timestamp="20221127 19:18:43.718" level="INFO">Typing text 'admin@robotframeworktutorial.com' into text field 'id=email-id'.</msg>
<status status="PASS" starttime="20221127 19:18:43.718" endtime="20221127 19:18:44.378"/>
</kw>
<kw name="Input Text" library="SeleniumLibrary">
<arg>id=password</arg>
<arg>qwe</arg>
<doc>Types the given ``text`` into the text field identified by ``locator``.</doc>
<msg timestamp="20221127 19:18:44.379" level="INFO">Typing text 'qwe' into text field 'id=password'.</msg>
<status status="PASS" starttime="20221127 19:18:44.378" endtime="20221127 19:18:45.029"/>
</kw>
<kw name="Click Button" library="SeleniumLibrary">
<arg>id=submit-id</arg>
<doc>Clicks the button identified by ``locator``.</doc>
<msg timestamp="20221127 19:18:45.030" level="INFO">Clicking button 'id=submit-id'.</msg>
<status status="PASS" starttime="20221127 19:18:45.029" endtime="20221127 19:18:46.310"/>
</kw>
<kw name="Page Should Contain" library="SeleniumLibrary">
<arg>Our Happy Customers</arg>
<doc>Verifies that current page contains ``text``.</doc>
<msg timestamp="20221127 19:18:46.724" level="INFO">Current page contains text 'Our Happy Customers'.</msg>
<status status="PASS" starttime="20221127 19:18:46.310" endtime="20221127 19:18:46.724"/>
</kw>
<kw name="Click Link" library="SeleniumLibrary">
<arg>id=new-customer</arg>
<doc>Clicks a link identified by ``locator``.</doc>
<msg timestamp="20221127 19:18:46.725" level="INFO">Clicking link 'id=new-customer'.</msg>
<status status="PASS" starttime="20221127 19:18:46.725" endtime="20221127 19:18:47.584"/>
</kw>
<kw name="Page Should Contain" library="SeleniumLibrary">
<arg>Add Customer</arg>
<doc>Verifies that current page contains ``text``.</doc>
<msg timestamp="20221127 19:18:47.999" level="INFO">Current page contains text 'Add Customer'.</msg>
<status status="PASS" starttime="20221127 19:18:47.584" endtime="20221127 19:18:47.999"/>
</kw>
<kw name="Input Text" library="SeleniumLibrary">
<arg>id=EmailAddress</arg>
<arg>janedoe@gmail.com</arg>
<doc>Types the given ``text`` into the text field identified by ``locator``.</doc>
<msg timestamp="20221127 19:18:48.000" level="INFO">Typing text 'janedoe@gmail.com' into text field 'id=EmailAddress'.</msg>
<status status="PASS" starttime="20221127 19:18:47.999" endtime="20221127 19:18:48.654"/>
</kw>
<kw name="Input Text" library="SeleniumLibrary">
<arg>id=FirstName</arg>
<arg>Jane</arg>
<doc>Types the given ``text`` into the text field identified by ``locator``.</doc>
<msg timestamp="20221127 19:18:48.655" level="INFO">Typing text 'Jane' into text field 'id=FirstName'.</msg>
<status status="PASS" starttime="20221127 19:18:48.654" endtime="20221127 19:18:49.299"/>
</kw>
<kw name="Input Text" library="SeleniumLibrary">
<arg>id=LastName</arg>
<arg>Doe</arg>
<doc>Types the given ``text`` into the text field identified by ``locator``.</doc>
<msg timestamp="20221127 19:18:49.300" level="INFO">Typing text 'Doe' into text field 'id=LastName'.</msg>
<status status="PASS" starttime="20221127 19:18:49.299" endtime="20221127 19:18:49.973"/>
</kw>
<kw name="Input Text" library="SeleniumLibrary">
<arg>id=City</arg>
<arg>Dallas</arg>
<doc>Types the given ``text`` into the text field identified by ``locator``.</doc>
<msg timestamp="20221127 19:18:49.973" level="INFO">Typing text 'Dallas' into text field 'id=City'.</msg>
<status status="PASS" starttime="20221127 19:18:49.973" endtime="20221127 19:18:50.633"/>
</kw>
<kw name="Sleep" library="BuiltIn">
<arg>3s</arg>
<doc>Pauses the test executed for the given time.</doc>
<msg timestamp="20221127 19:18:53.634" level="INFO">Slept 3 seconds</msg>
<status status="PASS" starttime="20221127 19:18:50.634" endtime="20221127 19:18:53.634"/>
</kw>
<kw name="Close Browser" library="SeleniumLibrary">
<doc>Closes the current browser.</doc>
<status status="PASS" starttime="20221127 19:18:53.634" endtime="20221127 19:18:55.934"/>
</kw>
<doc>This is some basic info</doc>
<tag>1006</tag>
<tag>contacts</tag>
<tag>smoke</tag>
<status status="PASS" starttime="20221127 19:18:38.288" endtime="20221127 19:18:55.935"/>
</test>
<doc>This is some basic info about the whole suite</doc>
<status status="PASS" starttime="20221127 19:18:38.174" endtime="20221127 19:18:55.936"/>
</suite>
<statistics>
<total>
<stat pass="1" fail="0" skip="0">All Tests</stat>
</total>
<tag>
<stat pass="1" fail="0" skip="0">1006</stat>
<stat pass="1" fail="0" skip="0">contacts</stat>
<stat pass="1" fail="0" skip="0">smoke</stat>
</tag>
<suite>
<stat pass="1" fail="0" skip="0" id="s1" name="Crm">Crm</stat>
</suite>
</statistics>
<errors>
</errors>
</robot>
