<?xml version="1.0" encoding="UTF-8"?>
<robot generator="Robot 6.0.1 (Python 3.11.0 on win32)" generated="20221220 21:28:05.226" rpa="false" schemaversion="3">
<suite id="s1" name="Amazon" source="u:\code_projects\udemy\RFW\Tests\amazon.robot">
<test id="s1-t1" name="Logged out user can search for Products" line="13">
<kw name="Begin Web Test" library="Common" type="SETUP">
<kw name="Open Browser" library="Selenium2Library">
<arg>about:blank</arg>
<arg>chrome</arg>
<doc>Opens a new browser instance to the optional ``url``.</doc>
<msg timestamp="20221220 21:28:05.373" level="INFO">Opening browser 'chrome' to base url 'about:blank'.</msg>
<status status="PASS" starttime="20221220 21:28:05.372" endtime="20221220 21:28:06.454"/>
</kw>
<status status="PASS" starttime="20221220 21:28:05.372" endtime="20221220 21:28:06.454"/>
</kw>
<kw name="Search for Products" library="Amazon.Web.Gui">
<kw name="Go To" library="Selenium2Library">
<arg>http://amazon.nl</arg>
<doc>Navigates the current browser window to the provided ``url``.</doc>
<msg timestamp="20221220 21:28:06.455" level="INFO">Opening url 'http://amazon.nl'</msg>
<status status="PASS" starttime="20221220 21:28:06.455" endtime="20221220 21:28:07.611"/>
</kw>
<kw name="Wait Until Page Contains" library="Selenium2Library">
<arg>Amazon.nl</arg>
<doc>Waits until ``text`` appears on the current page.</doc>
<status status="PASS" starttime="20221220 21:28:07.611" endtime="20221220 21:28:07.656"/>
</kw>
<kw name="Input Text" library="Selenium2Library">
<arg>id=twotabsearchtextbox</arg>
<arg>Ferrari 458</arg>
<doc>Types the given ``text`` into the text field identified by ``locator``.</doc>
<msg timestamp="20221220 21:28:07.658" level="INFO">Typing text 'Ferrari 458' into text field 'id=twotabsearchtextbox'.</msg>
<status status="PASS" starttime="20221220 21:28:07.656" endtime="20221220 21:28:07.766"/>
</kw>
<kw name="Click Button" library="Selenium2Library">
<arg>xpath=//div/header/div[1]/div[2]/div[1]/div[2]/div[2]/div/div</arg>
<doc>Clicks the button identified by ``locator``.</doc>
<msg timestamp="20221220 21:28:07.766" level="INFO">Clicking button 'xpath=//div/header/div[1]/div[2]/div[1]/div[2]/div[2]/div/div'.</msg>
<msg timestamp="20221220 21:28:08.022" level="INFO" html="true">&lt;/td&gt;&lt;/tr&gt;&lt;tr&gt;&lt;td colspan="3"&gt;&lt;a href="selenium-screenshot-6.png"&gt;&lt;img src="selenium-screenshot-6.png" width="800px"&gt;&lt;/a&gt;</msg>
<msg timestamp="20221220 21:28:08.022" level="FAIL">Button with locator 'xpath=//div/header/div[1]/div[2]/div[1]/div[2]/div[2]/div/div' not found.</msg>
<status status="FAIL" starttime="20221220 21:28:07.766" endtime="20221220 21:28:08.024"/>
</kw>
<kw name="Wait Until Page Contains" library="Selenium2Library">
<arg>results for "Ferrari 458"</arg>
<doc>Waits until ``text`` appears on the current page.</doc>
<status status="NOT RUN" starttime="20221220 21:28:08.024" endtime="20221220 21:28:08.024"/>
</kw>
<status status="FAIL" starttime="20221220 21:28:06.454" endtime="20221220 21:28:08.025"/>
</kw>
<kw name="End Web Test" library="Common" type="TEARDOWN">
<kw name="Close Browser" library="Selenium2Library">
<doc>Closes the current browser.</doc>
<status status="PASS" starttime="20221220 21:28:08.025" endtime="20221220 21:28:10.166"/>
</kw>
<status status="PASS" starttime="20221220 21:28:08.025" endtime="20221220 21:28:10.166"/>
</kw>
<tag>Current</tag>
<status status="FAIL" starttime="20221220 21:28:05.371" endtime="20221220 21:28:10.166">Button with locator 'xpath=//div/header/div[1]/div[2]/div[1]/div[2]/div[2]/div/div' not found.</status>
</test>
<doc>This is some basic info about the whole suite</doc>
<status status="FAIL" starttime="20221220 21:28:05.230" endtime="20221220 21:28:10.168"/>
</suite>
<statistics>
<total>
<stat pass="0" fail="1" skip="0">All Tests</stat>
</total>
<tag>
<stat pass="0" fail="1" skip="0">Current</stat>
</tag>
<suite>
<stat pass="0" fail="1" skip="0" id="s1" name="Amazon">Amazon</stat>
</suite>
</statistics>
<errors>
</errors>
</robot>
