<?xml version="1.0" encoding="UTF-8"?>
<robot generator="Robot 6.0.1 (Python 3.11.0 on win32)" generated="20221217 22:28:54.239" rpa="false" schemaversion="3">
<suite id="s1" name="List" source="u:\code_projects\udemy\RFW\tests\list.robot">
<test id="s1-t1" name="Variable Demonstration" line="7">
<kw name="Log" library="BuiltIn">
<arg>${MY_VARIABLE}[0]</arg>
<doc>Logs the given message with the given level.</doc>
<msg timestamp="20221217 22:28:54.259" level="INFO">Hello there</msg>
<status status="PASS" starttime="20221217 22:28:54.259" endtime="20221217 22:28:54.260"/>
</kw>
<kw name="Log" library="BuiltIn">
<arg>${MY_VARIABLE}[1]</arg>
<doc>Logs the given message with the given level.</doc>
<msg timestamp="20221217 22:28:54.260" level="INFO">This is value 2</msg>
<status status="PASS" starttime="20221217 22:28:54.260" endtime="20221217 22:28:54.260"/>
</kw>
<kw name="Log" library="BuiltIn">
<arg>${MY_VARIABLE}[2]</arg>
<doc>Logs the given message with the given level.</doc>
<msg timestamp="20221217 22:28:54.261" level="INFO">Im am item 3</msg>
<status status="PASS" starttime="20221217 22:28:54.261" endtime="20221217 22:28:54.261"/>
</kw>
<status status="PASS" starttime="20221217 22:28:54.257" endtime="20221217 22:28:54.261"/>
</test>
<status status="PASS" starttime="20221217 22:28:54.245" endtime="20221217 22:28:54.262"/>
</suite>
<statistics>
<total>
<stat pass="1" fail="0" skip="0">All Tests</stat>
</total>
<tag>
</tag>
<suite>
<stat pass="1" fail="0" skip="0" id="s1" name="List">List</stat>
</suite>
</statistics>
<errors>
</errors>
</robot>
