<?xml version="1.0" encoding="UTF-8"?>
<robot generator="Robot 6.0.1 (Python 3.11.0 on win32)" generated="20221211 20:26:24.073" rpa="false" schemaversion="3">
<suite id="s1" name="Amazon" source="u:\code_projects\udemy\RFW\tests\amazon.robot">
<test id="s1-t1" name="User must sign in to check out" line="11">
<kw name="Begin Web Test" library="Common" type="SETUP">
<kw name="Open Browser" library="Selenium2Library">
<arg>about:blank</arg>
<arg>chrome</arg>
<doc>Opens a new browser instance to the optional ``url``.</doc>
<msg timestamp="20221211 20:26:24.250" level="INFO">Opening browser 'chrome' to base url 'about:blank'.</msg>
<status status="PASS" starttime="20221211 20:26:24.249" endtime="20221211 20:26:25.334"/>
</kw>
<status status="PASS" starttime="20221211 20:26:24.249" endtime="20221211 20:26:25.335"/>
</kw>
<kw name="Search for Products" library="Amazon.Web.Gui">
<kw name="Go To" library="Selenium2Library">
<arg>http://amazon.nl</arg>
<doc>Navigates the current browser window to the provided ``url``.</doc>
<msg timestamp="20221211 20:26:25.336" level="INFO">Opening url 'http://amazon.nl'</msg>
<status status="PASS" starttime="20221211 20:26:25.336" endtime="20221211 20:26:26.665"/>
</kw>
<kw name="Wait Until Page Contains" library="Selenium2Library">
<arg>Amazon.nl</arg>
<doc>Waits until ``text`` appears on the current page.</doc>
<status status="PASS" starttime="20221211 20:26:26.665" endtime="20221211 20:26:26.685"/>
</kw>
<kw name="Input Text" library="Selenium2Library">
<arg>id=twotabsearchtextbox</arg>
<arg>Ferrari 458</arg>
<doc>Types the given ``text`` into the text field identified by ``locator``.</doc>
<msg timestamp="20221211 20:26:26.685" level="INFO">Typing text 'Ferrari 458' into text field 'id=twotabsearchtextbox'.</msg>
<status status="PASS" starttime="20221211 20:26:26.685" endtime="20221211 20:26:26.779"/>
</kw>
<kw name="Click Button" library="Selenium2Library">
<arg>xpath=//*[@id="nav-search"]/form/div[2]/div/input</arg>
<doc>Clicks the button identified by ``locator``.</doc>
<msg timestamp="20221211 20:26:26.779" level="INFO">Clicking button 'xpath=//*[@id="nav-search"]/form/div[2]/div/input'.</msg>
<msg timestamp="20221211 20:26:26.997" level="INFO" html="true">&lt;/td&gt;&lt;/tr&gt;&lt;tr&gt;&lt;td colspan="3"&gt;&lt;a href="selenium-screenshot-1.png"&gt;&lt;img src="selenium-screenshot-1.png" width="800px"&gt;&lt;/a&gt;</msg>
<msg timestamp="20221211 20:26:26.998" level="FAIL">Button with locator 'xpath=//*[@id="nav-search"]/form/div[2]/div/input' not found.</msg>
<status status="FAIL" starttime="20221211 20:26:26.779" endtime="20221211 20:26:27.002"/>
</kw>
<kw name="Wait Until Page Contains" library="Selenium2Library">
<arg>results for "Ferrari 458"</arg>
<doc>Waits until ``text`` appears on the current page.</doc>
<status status="NOT RUN" starttime="20221211 20:26:27.002" endtime="20221211 20:26:27.003"/>
</kw>
<status status="FAIL" starttime="20221211 20:26:25.335" endtime="20221211 20:26:27.003"/>
</kw>
<kw name="Select Product from Search Results" library="Amazon.Web.Gui">
<status status="NOT RUN" starttime="20221211 20:26:27.003" endtime="20221211 20:26:27.003"/>
</kw>
<kw name="Add Product to Cart" library="Amazon.Web.Gui">
<status status="NOT RUN" starttime="20221211 20:26:27.003" endtime="20221211 20:26:27.003"/>
</kw>
<kw name="Begin Checkout" library="Amazon.Web.Gui">
<status status="NOT RUN" starttime="20221211 20:26:27.004" endtime="20221211 20:26:27.004"/>
</kw>
<kw name="End Web Test" library="Common" type="TEARDOWN">
<kw name="Close Browser" library="Selenium2Library">
<doc>Closes the current browser.</doc>
<status status="PASS" starttime="20221211 20:26:27.004" endtime="20221211 20:26:29.104"/>
</kw>
<status status="PASS" starttime="20221211 20:26:27.004" endtime="20221211 20:26:29.104"/>
</kw>
<doc>This is some basic info about the test</doc>
<tag>smoke</tag>
<status status="FAIL" starttime="20221211 20:26:24.249" endtime="20221211 20:26:29.105">Button with locator 'xpath=//*[@id="nav-search"]/form/div[2]/div/input' not found.</status>
</test>
<doc>This is some basic info about the whole suite</doc>
<status status="FAIL" starttime="20221211 20:26:24.077" endtime="20221211 20:26:29.106"/>
</suite>
<statistics>
<total>
<stat pass="0" fail="1" skip="0">All Tests</stat>
</total>
<tag>
<stat pass="0" fail="1" skip="0">smoke</stat>
</tag>
<suite>
<stat pass="0" fail="1" skip="0" id="s1" name="Amazon">Amazon</stat>
</suite>
</statistics>
<errors>
</errors>
</robot>
