<?xml version="1.0" encoding="UTF-8"?>
<robot generator="Robot 6.0.1 (Python 3.11.0 on win32)" generated="20221211 17:36:43.002" rpa="false" schemaversion="3">
<suite id="s1" name="Amazon" source="U:\code_projects\udemy\RFW\Tests\amazon.robot">
<test id="s1-t1" name="User must sign in to check out" line="11">
<kw name="Begin Web Test" library="Common" type="SETUP">
<kw name="Open Browser" library="Selenium2Library">
<arg>about:blank</arg>
<arg>chrome</arg>
<doc>Opens a new browser instance to the optional ``url``.</doc>
<msg timestamp="20221211 17:36:43.109" level="INFO">Opening browser 'chrome' to base url 'about:blank'.</msg>
<status status="PASS" starttime="20221211 17:36:43.109" endtime="20221211 17:36:44.167"/>
</kw>
<status status="PASS" starttime="20221211 17:36:43.109" endtime="20221211 17:36:44.167"/>
</kw>
<kw name="Search for Products" library="Amazon.Web.Gui">
<kw name="Go To" library="Selenium2Library">
<arg>http://amazon.nl</arg>
<doc>Navigates the current browser window to the provided ``url``.</doc>
<msg timestamp="20221211 17:36:44.168" level="INFO">Opening url 'http://amazon.nl'</msg>
<status status="PASS" starttime="20221211 17:36:44.168" endtime="20221211 17:36:45.220"/>
</kw>
<kw name="Wait Until Page Contains" library="Selenium2Library">
<arg>Amazon.nl</arg>
<doc>Waits until ``text`` appears on the current page.</doc>
<status status="PASS" starttime="20221211 17:36:45.221" endtime="20221211 17:36:45.241"/>
</kw>
<kw name="Input Text" library="Selenium2Library">
<arg>id=twotabsearchtextbox</arg>
<arg>Ferrari 458</arg>
<doc>Types the given ``text`` into the text field identified by ``locator``.</doc>
<msg timestamp="20221211 17:36:45.242" level="INFO">Typing text 'Ferrari 458' into text field 'id=twotabsearchtextbox'.</msg>
<status status="PASS" starttime="20221211 17:36:45.242" endtime="20221211 17:36:45.321"/>
</kw>
<kw name="Click Button" library="Selenium2Library">
<arg>xpath=//*[@id="nav-search"]/form/div[2]/div/input</arg>
<doc>Clicks the button identified by ``locator``.</doc>
<msg timestamp="20221211 17:36:45.321" level="INFO">Clicking button 'xpath=//*[@id="nav-search"]/form/div[2]/div/input'.</msg>
<msg timestamp="20221211 17:36:45.527" level="INFO" html="true">&lt;/td&gt;&lt;/tr&gt;&lt;tr&gt;&lt;td colspan="3"&gt;&lt;a href="selenium-screenshot-2.png"&gt;&lt;img src="selenium-screenshot-2.png" width="800px"&gt;&lt;/a&gt;</msg>
<msg timestamp="20221211 17:36:45.527" level="FAIL">Button with locator 'xpath=//*[@id="nav-search"]/form/div[2]/div/input' not found.</msg>
<status status="FAIL" starttime="20221211 17:36:45.321" endtime="20221211 17:36:45.528"/>
</kw>
<kw name="Wait Until Page Contains" library="Selenium2Library">
<arg>results for "Ferrari 458"</arg>
<doc>Waits until ``text`` appears on the current page.</doc>
<status status="NOT RUN" starttime="20221211 17:36:45.529" endtime="20221211 17:36:45.529"/>
</kw>
<status status="FAIL" starttime="20221211 17:36:44.167" endtime="20221211 17:36:45.529"/>
</kw>
<kw name="Select Product from Search Results" library="Amazon.Web.Gui">
<status status="NOT RUN" starttime="20221211 17:36:45.529" endtime="20221211 17:36:45.529"/>
</kw>
<kw name="Add Product to Cart" library="Amazon.Web.Gui">
<status status="NOT RUN" starttime="20221211 17:36:45.529" endtime="20221211 17:36:45.529"/>
</kw>
<kw name="Begin Checkout" library="Amazon.Web.Gui">
<status status="NOT RUN" starttime="20221211 17:36:45.529" endtime="20221211 17:36:45.529"/>
</kw>
<kw name="End Web Test" library="Common" type="TEARDOWN">
<kw name="Close Browser" library="Selenium2Library">
<doc>Closes the current browser.</doc>
<status status="PASS" starttime="20221211 17:36:45.530" endtime="20221211 17:36:47.621"/>
</kw>
<status status="PASS" starttime="20221211 17:36:45.529" endtime="20221211 17:36:47.621"/>
</kw>
<doc>This is some basic info about the test</doc>
<tag>smoke</tag>
<status status="FAIL" starttime="20221211 17:36:43.108" endtime="20221211 17:36:47.621">Button with locator 'xpath=//*[@id="nav-search"]/form/div[2]/div/input' not found.</status>
</test>
<doc>This is some basic info about the whole suite</doc>
<status status="FAIL" starttime="20221211 17:36:43.004" endtime="20221211 17:36:47.622"/>
</suite>
<statistics>
<total>
<stat pass="0" fail="1" skip="0">All Tests</stat>
</total>
<tag>
<stat pass="0" fail="1" skip="0">smoke</stat>
</tag>
<suite>
<stat pass="0" fail="1" skip="0" id="s1" name="Amazon">Amazon</stat>
</suite>
</statistics>
<errors>
</errors>
</robot>
